[0m[[0m[0mdebug[0m] [0m[0m> Exec(__runWatch console0, Some(c35f015d-178f-46df-9ca0-9cb5a60e2c43), Some(CommandSource(console0)))[0m
[0m[[0m[0mdebug[0m] [0m[0m> Exec(sbtStashOnFailure, None, Some(CommandSource(console0)))[0m
[0m[[0m[0mdebug[0m] [0m[0m> Exec(__preWatch console0, None, Some(CommandSource(console0)))[0m
[0m[[0m[0mdebug[0m] [0m[0m> Exec(run, None, Some(CommandSource(console0)))[0m
[0m[[0m[0mdebug[0m] [0m[0mEvaluating tasks: Compile / run[0m
[0m[[0m[0mdebug[0m] [0m[0mRunning task... Cancel: Signal, check cycles: false, forcegc: true[0m
[0m[[0m[0minfo[0m] [0m[0mcompiling 1 Scala source to /home/qnouro/Desktop/projects/TodoGenScala/target/scala-3.3.0/classes ...[0m
[0m[[0m[31merror[0m] [0m[0m[31m[31m-- [E050] Type Error: /home/qnouro/Desktop/projects/TodoGenScala/src/main/scala/runner/Runner.scala:15:51 [0m[0m[0m
[0m[[0m[31merror[0m] [0m[0m[31m15 |[0m    [33mdef[0m [36mgetDayOfWeek[0m([36mdate[0m: [35mLocalDate[0m): [35mDayOfWeek[0m = DayOfWeek(date.getDayOfWeek())[0m
[0m[[0m[31merror[0m] [0m[0m[31m[31m   |[0m                                                   ^^^^^^^^^[0m[0m
[0m[[0m[31merror[0m] [0m[0m[31m   |[0m          [33mobject[0m [35mDayOfWeek[0m in [33mpackage[0m [35mdataclass[0m does not take parameters[0m
[0m[[0m[31merror[0m] [0m[0m[31m   |[0m[0m
[0m[[0m[31merror[0m] [0m[0m[31m   |[0m longer explanation available when compiling with `-explain`[0m
[0m[[0m[31merror[0m] [0m[0mone error found[0m
[0m[[0m[31merror[0m] [0m[0m(Compile / [31mcompileIncremental[0m) Compilation failed[0m
[0m[[0m[31merror[0m] [0m[0mTotal time: 0 s, completed Jul 8, 2023, 4:16:07 PM[0m
[0m[[0m[0mdebug[0m] [0m[0m> Exec(resumeFromFailure, None, Some(CommandSource(console0)))[0m
[0m[[0m[0mdebug[0m] [0m[0m> Exec(sbtPopOnFailure, None, Some(CommandSource(console0)))[0m
[0m[[0m[0mdebug[0m] [0m[0m> Exec(__postWatch console0, None, Some(CommandSource(console0)))[0m
[0m[[0m[0mdebug[0m] [0m[0m> Exec(resumeFromFailure, None, None)[0m
[0m[[0m[0mdebug[0m] [0m[0m> Exec(__waitWatch console0, None, None)[0m
