[0m[[0m[0mdebug[0m] [0m[0m> Exec(;Test/compile; collectAnalyses, None, Some(CommandSource(network-2)))[0m
[0m[[0m[0mdebug[0m] [0m[0munmatched Processing event for requestId None: None[0m
[0m[[0m[0mdebug[0m] [0m[0munmatched Done event for requestId None: None[0m
[0m[[0m[0mdebug[0m] [0m[0m> Exec(Test/compile, None, Some(CommandSource(network-2)))[0m
[0m[[0m[0mdebug[0m] [0m[0munmatched Processing event for requestId None: None[0m
[0m[[0m[0mdebug[0m] [0m[0mEvaluating tasks: Test / compile[0m
[0m[[0m[0mdebug[0m] [0m[0mRunning task... Cancel: Signal, check cycles: false, forcegc: true[0m
[0m[[0m[0mdebug[0m] [0m[0mjsonRpcNotify: JsonRpcNotificationMessage(2.0, build/taskStart, {"taskId":{"id":"19","parents":[]},"eventTime":1688807604995,"message":"Compiling todogenerator","dataKind":"compile-task","data":{"target":{"uri":"file:/home/qnouro/Desktop/projects/todoGenerator/#todogenerator/Compile"}}})[0m
[0m[[0m[0mdebug[0m] [0m[0mjsonRpcNotify: JsonRpcNotificationMessage(2.0, build/taskStart, {"taskId":{"id":"19","parents":[]},"eventTime":1688807604995,"message":"Compiling todogenerator","dataKind":"compile-task","data":{"target":{"uri":"file:/home/qnouro/Desktop/projects/todoGenerator/#todogenerator/Compile"}}})[0m
[0m[[0m[0mdebug[0m] [0m[0mjsonRpcNotify: JsonRpcNotificationMessage(2.0, shutdown, [true,null])[0m
[0m[[0m[0mdebug[0m] [0m[0mjsonRpcNotify: JsonRpcNotificationMessage(2.0, build/taskFinish, {"taskId":{"id":"19","parents":[]},"eventTime":1688807605012,"message":"Compiled todogenerator","status":1,"dataKind":"compile-report","data":{"target":{"uri":"file:/home/qnouro/Desktop/projects/todoGenerator/#todogenerator/Compile"},"errors":0,"warnings":0,"time":17}})[0m
[0m[[0m[0mdebug[0m] [0m[0mjsonRpcNotify: JsonRpcNotificationMessage(2.0, build/taskStart, {"taskId":{"id":"20","parents":[]},"eventTime":1688807605020,"message":"Compiling todogenerator-test","dataKind":"compile-task","data":{"target":{"uri":"file:/home/qnouro/Desktop/projects/todoGenerator/#todogenerator/Test"}}})[0m
[0m[[0m[0minfo[0m] [0m[0mcompiling 1 Scala source to /home/qnouro/Desktop/projects/todoGenerator/target/scala-3.3.0/test-classes ...[0m
[0m[[0m[0mdebug[0m] [0m[0mjsonRpcNotify: JsonRpcNotificationMessage(2.0, build/logMessage, {"type":3,"message":"compiling 1 Scala source to /home/qnouro/Desktop/projects/todoGenerator/target/scala-3.3.0/test-classes ..."})[0m
[0m[[0m[0mdebug[0m] [0m[0mjsonRpcNotify: JsonRpcNotificationMessage(2.0, build/publishDiagnostics, {"textDocument":{"uri":"file:///home/qnouro/Desktop/projects/todoGenerator/src/test/scala/math/MathUtilsTest.scala"},"buildTarget":{"uri":"file:/home/qnouro/Desktop/projects/todoGenerator/#todogenerator/Test"},"diagnostics":[{"range":{"start":{"line":4,"character":28},"end":{"line":4,"character":28}},"severity":1,"code":"46","source":"sbt","message":"Cyclic reference involving val <import>"}],"reset":false})[0m
[0m[[0m[31merror[0m] [0m[0m[31m[31m-- [E046] Cyclic Error: /home/qnouro/Desktop/projects/todoGenerator/src/test/scala/math/MathUtilsTest.scala:5:28 [0m[0m[0m
[0m[[0m[31merror[0m] [0m[0m[31m5 |[0m[33mclass[0m [35mMathUtilsTest[0m [33mextends[0m [35mAnyFunSuite[0m{[0m
[0m[[0m[31merror[0m] [0m[0m[31m[31m  |[0m                            ^[0m[0m
[0m[[0m[31merror[0m] [0m[0m[31m  |[0m                            Cyclic reference involving val <import>[0m
[0m[[0m[31merror[0m] [0m[0m[31m  |[0m[0m
[0m[[0m[31merror[0m] [0m[0m[31m  |[0m longer explanation available when compiling with `-explain`[0m
[0m[[0m[0mdebug[0m] [0m[0mjsonRpcNotify: JsonRpcNotificationMessage(2.0, build/logMessage, {"type":1,"message":"\u001b[31m\u001b[31m-- [E046] Cyclic Error: /home/qnouro/Desktop/projects/todoGenerator/src/test/scala/math/MathUtilsTest.scala:5:28 \u001b[0m\u001b[0m\n\u001b[31m5 |\u001b[0m\u001b[33mclass\u001b[0m \u001b[35mMathUtilsTest\u001b[0m \u001b[33mextends\u001b[0m \u001b[35mAnyFunSuite\u001b[0m{\n\u001b[31m\u001b[31m  |\u001b[0m                            ^\u001b[0m\n\u001b[31m  |\u001b[0m                            Cyclic reference involving val <import>\n\u001b[31m  |\u001b[0m\n\u001b[31m  |\u001b[0m longer explanation available when compiling with `-explain`"})[0m
[0m[[0m[0mdebug[0m] [0m[0mjsonRpcNotify: JsonRpcNotificationMessage(2.0, build/publishDiagnostics, {"textDocument":{"uri":"file:///home/qnouro/Desktop/projects/todoGenerator/src/test/scala/math/MathUtilsTest.scala"},"buildTarget":{"uri":"file:/home/qnouro/Desktop/projects/todoGenerator/#todogenerator/Test"},"diagnostics":[{"range":{"start":{"line":2,"character":7},"end":{"line":2,"character":20}},"severity":1,"code":"8","source":"sbt","message":"value scalatest is not a member of org"}],"reset":false})[0m
[0m[[0m[31merror[0m] [0m[0m[31m[31m-- [E008] Not Found Error: /home/qnouro/Desktop/projects/todoGenerator/src/test/scala/math/MathUtilsTest.scala:3:11 [0m[0m[0m
[0m[[0m[31merror[0m] [0m[0m[31m3 |[0m[33mimport[0m org.scalatest.funsuite.AnyFunSuite[0m
[0m[[0m[31merror[0m] [0m[0m[31m[31m  |[0m       ^^^^^^^^^^^^^[0m[0m
[0m[[0m[31merror[0m] [0m[0m[31m  |[0m       value scalatest is not a member of org[0m
[0m[[0m[0mdebug[0m] [0m[0mjsonRpcNotify: JsonRpcNotificationMessage(2.0, build/logMessage, {"type":1,"message":"\u001b[31m\u001b[31m-- [E008] Not Found Error: /home/qnouro/Desktop/projects/todoGenerator/src/test/scala/math/MathUtilsTest.scala:3:11 \u001b[0m\u001b[0m\n\u001b[31m3 |\u001b[0m\u001b[33mimport\u001b[0m org.scalatest.funsuite.AnyFunSuite\n\u001b[31m\u001b[31m  |\u001b[0m       ^^^^^^^^^^^^^\u001b[0m\n\u001b[31m  |\u001b[0m       value scalatest is not a member of org"})[0m
[0m[[0m[0mdebug[0m] [0m[0mjsonRpcNotify: JsonRpcNotificationMessage(2.0, build/publishDiagnostics, {"textDocument":{"uri":"file:///home/qnouro/Desktop/projects/todoGenerator/src/test/scala/math/MathUtilsTest.scala"},"buildTarget":{"uri":"file:/home/qnouro/Desktop/projects/todoGenerator/#todogenerator/Test"},"diagnostics":[{"range":{"start":{"line":6,"character":4},"end":{"line":6,"character":8}},"severity":1,"code":"6","source":"sbt","message":"Not found: test"}],"reset":false})[0m
[0m[[0m[31merror[0m] [0m[0m[31m[31m-- [E006] Not Found Error: /home/qnouro/Desktop/projects/todoGenerator/src/test/scala/math/MathUtilsTest.scala:7:4 [0m[0m[0m
[0m[[0m[31merror[0m] [0m[0m[31m7 |[0m    test([31m"'double' should handle 0"[0m) {[0m
[0m[[0m[31merror[0m] [0m[0m[31m[31m  |[0m    ^^^^[0m[0m
[0m[[0m[31merror[0m] [0m[0m[31m  |[0m    Not found: test[0m
[0m[[0m[31merror[0m] [0m[0m[31m  |[0m[0m
[0m[[0m[31merror[0m] [0m[0m[31m  |[0m longer explanation available when compiling with `-explain`[0m
[0m[[0m[0mdebug[0m] [0m[0mjsonRpcNotify: JsonRpcNotificationMessage(2.0, build/logMessage, {"type":1,"message":"\u001b[31m\u001b[31m-- [E006] Not Found Error: /home/qnouro/Desktop/projects/todoGenerator/src/test/scala/math/MathUtilsTest.scala:7:4 \u001b[0m\u001b[0m\n\u001b[31m7 |\u001b[0m    test(\u001b[31m\"'double' should handle 0\"\u001b[0m) {\n\u001b[31m\u001b[31m  |\u001b[0m    ^^^^\u001b[0m\n\u001b[31m  |\u001b[0m    Not found: test\n\u001b[31m  |\u001b[0m\n\u001b[31m  |\u001b[0m longer explanation available when compiling with `-explain`"})[0m
[0m[[0m[0mdebug[0m] [0m[0mjsonRpcNotify: JsonRpcNotificationMessage(2.0, build/publishDiagnostics, {"textDocument":{"uri":"file:///home/qnouro/Desktop/projects/todoGenerator/src/test/scala/math/MathUtilsTest.scala"},"buildTarget":{"uri":"file:/home/qnouro/Desktop/projects/todoGenerator/#todogenerator/Test"},"diagnostics":[{"range":{"start":{"line":12,"character":4},"end":{"line":12,"character":8}},"severity":1,"code":"6","source":"sbt","message":"Not found: test"}],"reset":false})[0m
[0m[[0m[31merror[0m] [0m[0m[31m[31m-- [E006] Not Found Error: /home/qnouro/Desktop/projects/todoGenerator/src/test/scala/math/MathUtilsTest.scala:13:4 [0m[0m[0m
[0m[[0m[31merror[0m] [0m[0m[31m13 |[0m    test([31m"'double' should handle 1"[0m) {[0m
[0m[[0m[31merror[0m] [0m[0m[31m[31m   |[0m    ^^^^[0m[0m
[0m[[0m[31merror[0m] [0m[0m[31m   |[0m    Not found: test[0m
[0m[[0m[31merror[0m] [0m[0m[31m   |[0m[0m
[0m[[0m[31merror[0m] [0m[0m[31m   |[0m longer explanation available when compiling with `-explain`[0m
[0m[[0m[0mdebug[0m] [0m[0mjsonRpcNotify: JsonRpcNotificationMessage(2.0, build/logMessage, {"type":1,"message":"\u001b[31m\u001b[31m-- [E006] Not Found Error: /home/qnouro/Desktop/projects/todoGenerator/src/test/scala/math/MathUtilsTest.scala:13:4 \u001b[0m\u001b[0m\n\u001b[31m13 |\u001b[0m    test(\u001b[31m\"'double' should handle 1\"\u001b[0m) {\n\u001b[31m\u001b[31m   |\u001b[0m    ^^^^\u001b[0m\n\u001b[31m   |\u001b[0m    Not found: test\n\u001b[31m   |\u001b[0m\n\u001b[31m   |\u001b[0m longer explanation available when compiling with `-explain`"})[0m
[0m[[0m[0mdebug[0m] [0m[0mjsonRpcNotify: JsonRpcNotificationMessage(2.0, build/publishDiagnostics, {"textDocument":{"uri":"file:///home/qnouro/Desktop/projects/todoGenerator/src/test/scala/math/MathUtilsTest.scala"},"buildTarget":{"uri":"file:/home/qnouro/Desktop/projects/todoGenerator/#todogenerator/Test"},"diagnostics":[{"range":{"start":{"line":18,"character":4},"end":{"line":18,"character":8}},"severity":1,"code":"6","source":"sbt","message":"Not found: test"}],"reset":false})[0m
[0m[[0m[31merror[0m] [0m[0m[31m[31m-- [E006] Not Found Error: /home/qnouro/Desktop/projects/todoGenerator/src/test/scala/math/MathUtilsTest.scala:19:4 [0m[0m[0m
[0m[[0m[31merror[0m] [0m[0m[31m19 |[0m    test([31m"'double' should handle negatives"[0m){[0m
[0m[[0m[31merror[0m] [0m[0m[31m[31m   |[0m    ^^^^[0m[0m
[0m[[0m[31merror[0m] [0m[0m[31m   |[0m    Not found: test[0m
[0m[[0m[31merror[0m] [0m[0m[31m   |[0m[0m
[0m[[0m[31merror[0m] [0m[0m[31m   |[0m longer explanation available when compiling with `-explain`[0m
[0m[[0m[0mdebug[0m] [0m[0mjsonRpcNotify: JsonRpcNotificationMessage(2.0, build/logMessage, {"type":1,"message":"\u001b[31m\u001b[31m-- [E006] Not Found Error: /home/qnouro/Desktop/projects/todoGenerator/src/test/scala/math/MathUtilsTest.scala:19:4 \u001b[0m\u001b[0m\n\u001b[31m19 |\u001b[0m    test(\u001b[31m\"'double' should handle negatives\"\u001b[0m){\n\u001b[31m\u001b[31m   |\u001b[0m    ^^^^\u001b[0m\n\u001b[31m   |\u001b[0m    Not found: test\n\u001b[31m   |\u001b[0m\n\u001b[31m   |\u001b[0m longer explanation available when compiling with `-explain`"})[0m
[0m[[0m[0mdebug[0m] [0m[0mjsonRpcNotify: JsonRpcNotificationMessage(2.0, build/publishDiagnostics, {"textDocument":{"uri":"file:///home/qnouro/Desktop/projects/todoGenerator/src/test/scala/math/MathUtilsTest.scala"},"buildTarget":{"uri":"file:/home/qnouro/Desktop/projects/todoGenerator/#todogenerator/Test"},"diagnostics":[{"range":{"start":{"line":24,"character":4},"end":{"line":24,"character":8}},"severity":1,"code":"6","source":"sbt","message":"Not found: test"}],"reset":false})[0m
[0m[[0m[31merror[0m] [0m[0m[31m[31m-- [E006] Not Found Error: /home/qnouro/Desktop/projects/todoGenerator/src/test/scala/math/MathUtilsTest.scala:25:4 [0m[0m[0m
[0m[[0m[31merror[0m] [0m[0m[31m25 |[0m    test([31m"test with Int.MaxValue"[0m) (pending)[0m
[0m[[0m[31merror[0m] [0m[0m[31m[31m   |[0m    ^^^^[0m[0m
[0m[[0m[31merror[0m] [0m[0m[31m   |[0m    Not found: test[0m
[0m[[0m[31merror[0m] [0m[0m[31m   |[0m[0m
[0m[[0m[31merror[0m] [0m[0m[31m   |[0m longer explanation available when compiling with `-explain`[0m
[0m[[0m[0mdebug[0m] [0m[0mjsonRpcNotify: JsonRpcNotificationMessage(2.0, build/logMessage, {"type":1,"message":"\u001b[31m\u001b[31m-- [E006] Not Found Error: /home/qnouro/Desktop/projects/todoGenerator/src/test/scala/math/MathUtilsTest.scala:25:4 \u001b[0m\u001b[0m\n\u001b[31m25 |\u001b[0m    test(\u001b[31m\"test with Int.MaxValue\"\u001b[0m) (pending)\n\u001b[31m\u001b[31m   |\u001b[0m    ^^^^\u001b[0m\n\u001b[31m   |\u001b[0m    Not found: test\n\u001b[31m   |\u001b[0m\n\u001b[31m   |\u001b[0m longer explanation available when compiling with `-explain`"})[0m
[0m[[0m[0mdebug[0m] [0m[0mjsonRpcNotify: JsonRpcNotificationMessage(2.0, build/publishDiagnostics, {"textDocument":{"uri":"file:///home/qnouro/Desktop/projects/todoGenerator/src/test/scala/math/MathUtilsTest.scala"},"buildTarget":{"uri":"file:/home/qnouro/Desktop/projects/todoGenerator/#todogenerator/Test"},"diagnostics":[{"range":{"start":{"line":24,"character":36},"end":{"line":24,"character":43}},"severity":1,"code":"6","source":"sbt","message":"Not found: pending"}],"reset":false})[0m
[0m[[0m[31merror[0m] [0m[0m[31m[31m-- [E006] Not Found Error: /home/qnouro/Desktop/projects/todoGenerator/src/test/scala/math/MathUtilsTest.scala:25:36 [0m[0m[0m
[0m[[0m[31merror[0m] [0m[0m[31m25 |[0m    test([31m"test with Int.MaxValue"[0m) (pending)[0m
[0m[[0m[31merror[0m] [0m[0m[31m[31m   |[0m                                    ^^^^^^^[0m[0m
[0m[[0m[31merror[0m] [0m[0m[31m   |[0m                                    Not found: pending[0m
[0m[[0m[31merror[0m] [0m[0m[31m   |[0m[0m
[0m[[0m[31merror[0m] [0m[0m[31m   |[0m longer explanation available when compiling with `-explain`[0m
[0m[[0m[0mdebug[0m] [0m[0mjsonRpcNotify: JsonRpcNotificationMessage(2.0, build/logMessage, {"type":1,"message":"\u001b[31m\u001b[31m-- [E006] Not Found Error: /home/qnouro/Desktop/projects/todoGenerator/src/test/scala/math/MathUtilsTest.scala:25:36 \u001b[0m\u001b[0m\n\u001b[31m25 |\u001b[0m    test(\u001b[31m\"test with Int.MaxValue\"\u001b[0m) (pending)\n\u001b[31m\u001b[31m   |\u001b[0m                                    ^^^^^^^\u001b[0m\n\u001b[31m   |\u001b[0m                                    Not found: pending\n\u001b[31m   |\u001b[0m\n\u001b[31m   |\u001b[0m longer explanation available when compiling with `-explain`"})[0m
[0m[[0m[31merror[0m] [0m[0m7 errors found[0m
[0m[[0m[0mdebug[0m] [0m[0mjsonRpcNotify: JsonRpcNotificationMessage(2.0, build/logMessage, {"type":1,"message":"7 errors found"})[0m
[0m[[0m[0mdebug[0m] [0m[0mjsonRpcNotify: JsonRpcNotificationMessage(2.0, build/publishDiagnostics, {"textDocument":{"uri":"file:///home/qnouro/Desktop/projects/todoGenerator/src/test/scala/math/MathUtilsTest.scala"},"buildTarget":{"uri":"file:/home/qnouro/Desktop/projects/todoGenerator/#todogenerator/Test"},"diagnostics":[{"range":{"start":{"line":4,"character":28},"end":{"line":4,"character":28}},"severity":1,"code":"46","source":"sbt","message":"Cyclic reference involving val <import>"},{"range":{"start":{"line":2,"character":7},"end":{"line":2,"character":20}},"severity":1,"code":"8","source":"sbt","message":"value scalatest is not a member of org"},{"range":{"start":{"line":6,"character":4},"end":{"line":6,"character":8}},"severity":1,"code":"6","source":"sbt","message":"Not found: test"},{"range":{"start":{"line":12,"character":4},"end":{"line":12,"character":8}},"severity":1,"code":"6","source":"sbt","message":"Not found: test"},{"range":{"start":{"line":18,"character":4},"end":{"line":18,"character":8}},"severity":1,"code":"6","source":"sbt","message":"Not found: test"},{"range":{"start":{"line":24,"character":4},"end":{"line":24,"character":8}},"severity":1,"code":"6","source":"sbt","message":"Not found: test"},{"range":{"start":{"line":24,"character":36},"end":{"line":24,"character":43}},"severity":1,"code":"6","source":"sbt","message":"Not found: pending"}],"reset":true})[0m
[0m[[0m[0mdebug[0m] [0m[0mjsonRpcNotify: JsonRpcNotificationMessage(2.0, build/taskFinish, {"taskId":{"id":"20","parents":[]},"eventTime":1688807605806,"message":"Compiled todogenerator-test","status":2,"dataKind":"compile-report","data":{"target":{"uri":"file:/home/qnouro/Desktop/projects/todoGenerator/#todogenerator/Test"},"errors":7,"warnings":0,"time":786}})[0m
[0m[[0m[0mdebug[0m] [0m[0munmatched json error for requestId None: {"code":-32603,"message":"(Test / \u001b[31mcompileIncremental\u001b[0m) Compilation failed"}[0m
[0m[[0m[31merror[0m] [0m[0m(Test / [31mcompileIncremental[0m) Compilation failed[0m
[0m[[0m[0mdebug[0m] [0m[0mjsonRpcNotify: JsonRpcNotificationMessage(2.0, build/logMessage, {"type":1,"message":"(Test / \u001b[31mcompileIncremental\u001b[0m) Compilation failed"})[0m
[0m[[0m[31merror[0m] [0m[0mTotal time: 1 s, completed Jul 8, 2023, 11:13:25 AM[0m
[0m[[0m[0mdebug[0m] [0m[0munmatched Done event for requestId None: None[0m
[0m[[0m[0mdebug[0m] [0m[0m> Exec(shell, None, None)[0m
